Start testing: Apr 19 19:22 +03
----------------------------------------------------------
1/1 Testing: edgestorage_smoke_test
1/1 Test: edgestorage_smoke_test
Command: "/Users/yusuf_taha/projects/EdgeStorage/build/edgestorage_smoke_test"
Directory: /Users/yusuf_taha/projects/EdgeStorage/build
"edgestorage_smoke_test" start time: Apr 19 19:22 +03
Output:
----------------------------------------------------------
<end of output>
Test time =   0.00 sec
----------------------------------------------------------
Test Passed.
"edgestorage_smoke_test" end time: Apr 19 19:22 +03
"edgestorage_smoke_test" time elapsed: 00:00:00
----------------------------------------------------------

End testing: Apr 19 19:22 +03
